0 info it worked if it ends with ok
1 verbose cli [ 'c:\\Program Files\\nodejs\\node.exe',
1 verbose cli   'c:\\Program Files\\nodejs\\node_modules\\npm\\bin\\npm-cli.js',
1 verbose cli   'install',
1 verbose cli   '-g',
1 verbose cli   'node-inspector' ]
2 info using npm@1.4.3
3 info using node@v0.10.26
4 verbose cache add [ 'node-inspector', null ]
5 verbose cache add name=undefined spec="node-inspector" args=["node-inspector",null]
6 verbose parsed url { protocol: null,
6 verbose parsed url   slashes: null,
6 verbose parsed url   auth: null,
6 verbose parsed url   host: null,
6 verbose parsed url   port: null,
6 verbose parsed url   hostname: null,
6 verbose parsed url   hash: null,
6 verbose parsed url   search: null,
6 verbose parsed url   query: null,
6 verbose parsed url   pathname: 'node-inspector',
6 verbose parsed url   path: 'node-inspector',
6 verbose parsed url   href: 'node-inspector' }
7 silly lockFile 4198ef9e-node-inspector node-inspector
8 verbose lock node-inspector C:\Users\fake\AppData\Roaming\npm-cache\4198ef9e-node-inspector.lock
9 silly lockFile 4198ef9e-node-inspector node-inspector
10 silly lockFile 4198ef9e-node-inspector node-inspector
11 verbose addNamed [ 'node-inspector', '' ]
12 verbose addNamed [ null, '*' ]
13 silly lockFile e68b88da-node-inspector node-inspector@
14 verbose lock node-inspector@ C:\Users\fake\AppData\Roaming\npm-cache\e68b88da-node-inspector.lock
15 silly addNameRange { name: 'node-inspector', range: '*', hasData: false }
16 verbose url raw node-inspector
17 verbose url resolving [ 'https://registry.npmjs.org/', './node-inspector' ]
18 verbose url resolved https://registry.npmjs.org/node-inspector
19 info trying registry request attempt 1 at 18:18:19
20 http GET https://registry.npmjs.org/node-inspector
21 http 200 https://registry.npmjs.org/node-inspector
22 silly registry.get cb [ 200,
22 silly registry.get   { date: 'Tue, 22 Apr 2014 10:18:22 GMT',
22 silly registry.get     server: 'CouchDB/1.5.0 (Erlang OTP/R16B)',
22 silly registry.get     etag: '"AATOTFPVHO1KVLQVPCJ2JQBWW"',
22 silly registry.get     'content-type': 'application/json',
22 silly registry.get     via: '1.1 varnish',
22 silly registry.get     'cache-control': 'max-age=1',
22 silly registry.get     'content-length': '71064',
22 silly registry.get     'accept-ranges': 'bytes',
22 silly registry.get     age: '53',
22 silly registry.get     'x-served-by': 'cache-v37-ASH, cache-ty67-TYO',
22 silly registry.get     'x-cache': 'HIT, MISS',
22 silly registry.get     'x-cache-hits': '1, 0',
22 silly registry.get     'x-timer': 'S1398161849.035616875,VS0,VS86,VE163,VE53373',
22 silly registry.get     vary: 'Accept',
22 silly registry.get     'keep-alive': 'timeout=10, max=50',
22 silly registry.get     connection: 'Keep-Alive' } ]
23 silly addNameRange number 2 { name: 'node-inspector', range: '*', hasData: true }
24 silly addNameRange versions [ 'node-inspector',
24 silly addNameRange   [ '0.0.1',
24 silly addNameRange     '0.0.2',
24 silly addNameRange     '0.0.3',
24 silly addNameRange     '0.0.4',
24 silly addNameRange     '0.1.0',
24 silly addNameRange     '0.1.1',
24 silly addNameRange     '0.1.2',
24 silly addNameRange     '0.1.3',
24 silly addNameRange     '0.1.4',
24 silly addNameRange     '0.1.5',
24 silly addNameRange     '0.1.6',
24 silly addNameRange     '0.1.7',
24 silly addNameRange     '0.1.8',
24 silly addNameRange     '0.1.9',
24 silly addNameRange     '0.1.10',
24 silly addNameRange     '0.3.0',
24 silly addNameRange     '0.3.1',
24 silly addNameRange     '0.3.2',
24 silly addNameRange     '0.3.3',
24 silly addNameRange     '0.3.4',
24 silly addNameRange     '0.4.0',
24 silly addNameRange     '0.5.0',
24 silly addNameRange     '0.6.0',
24 silly addNameRange     '0.6.1',
24 silly addNameRange     '0.6.2',
24 silly addNameRange     '0.7.0-1',
24 silly addNameRange     '0.2.0-beta1',
24 silly addNameRange     '0.2.0-beta2',
24 silly addNameRange     '0.2.0-beta3',
24 silly addNameRange     '0.2.0-beta4',
24 silly addNameRange     '0.3.0-preview1',
24 silly addNameRange     '0.7.0-2',
24 silly addNameRange     '0.7.0',
24 silly addNameRange     '0.7.1',
24 silly addNameRange     '0.7.2',
24 silly addNameRange     '0.7.3' ] ]
25 verbose addNamed [ 'node-inspector', '0.7.3' ]
26 verbose addNamed [ '0.7.3', '0.7.3' ]
27 silly lockFile c96c2310-node-inspector-0-7-3 node-inspector@0.7.3
28 verbose lock node-inspector@0.7.3 C:\Users\fake\AppData\Roaming\npm-cache\c96c2310-node-inspector-0-7-3.lock
29 silly lockFile f6e9f316-spector-node-inspector-0-7-3-tgz https://registry.npmjs.org/node-inspector/-/node-inspector-0.7.3.tgz
30 verbose lock https://registry.npmjs.org/node-inspector/-/node-inspector-0.7.3.tgz C:\Users\fake\AppData\Roaming\npm-cache\f6e9f316-spector-node-inspector-0-7-3-tgz.lock
31 verbose addRemoteTarball [ 'https://registry.npmjs.org/node-inspector/-/node-inspector-0.7.3.tgz',
31 verbose addRemoteTarball   '988317f9a7e645d1bb78e40bb2289db82a077e73' ]
32 info retry fetch attempt 1 at 18:18:21
33 verbose fetch to= C:\Users\fake\AppData\Local\Temp\npm-3392-2w_oHGeX\1398161901470-0.30887815821915865\tmp.tgz
34 http GET https://registry.npmjs.org/node-inspector/-/node-inspector-0.7.3.tgz
35 http 200 https://registry.npmjs.org/node-inspector/-/node-inspector-0.7.3.tgz
36 silly lockFile f6e9f316-spector-node-inspector-0-7-3-tgz https://registry.npmjs.org/node-inspector/-/node-inspector-0.7.3.tgz
37 silly lockFile f6e9f316-spector-node-inspector-0-7-3-tgz https://registry.npmjs.org/node-inspector/-/node-inspector-0.7.3.tgz
38 silly lockFile c96c2310-node-inspector-0-7-3 node-inspector@0.7.3
39 silly lockFile c96c2310-node-inspector-0-7-3 node-inspector@0.7.3
40 silly lockFile e68b88da-node-inspector node-inspector@
41 silly lockFile e68b88da-node-inspector node-inspector@
42 error Error: shasum check failed for C:\Users\fake\AppData\Local\Temp\npm-3392-2w_oHGeX\1398161901470-0.30887815821915865\tmp.tgz
42 error Expected: 988317f9a7e645d1bb78e40bb2289db82a077e73
42 error Actual:   d148a3aeeaafa64e3beab57086dd5c119cd6faa0
42 error From:     https://registry.npmjs.org/node-inspector/-/node-inspector-0.7.3.tgz
42 error     at c:\Program Files\nodejs\node_modules\npm\node_modules\sha\index.js:38:8
42 error     at ReadStream.<anonymous> (c:\Program Files\nodejs\node_modules\npm\node_modules\sha\index.js:85:7)
42 error     at ReadStream.EventEmitter.emit (events.js:117:20)
42 error     at _stream_readable.js:920:16
42 error     at process._tickCallback (node.js:415:13)
43 error If you need help, you may report this *entire* log,
43 error including the npm and node versions, at:
43 error     <http://github.com/npm/npm/issues>
44 error System Windows_NT 6.2.9200
45 error command "c:\\Program Files\\nodejs\\node.exe" "c:\\Program Files\\nodejs\\node_modules\\npm\\bin\\npm-cli.js" "install" "-g" "node-inspector"
46 error cwd d:\www\learnNodeJS
47 error node -v v0.10.26
48 error npm -v 1.4.3
49 verbose exit [ 1, true ]
